<?xml version="1.0" encoding="UTF-8"?>
<!-- Generated by org.testng.reporters.JUnitXMLReporter -->
<testsuite ignored="14" hostname="DESKTOP-S3Q7NR0" failures="0" tests="10" name="Test" time="0.751" errors="0" timestamp="2022-08-17T20:10:29 IST">
  <testcase classname="com.mystore.testscript.HomePageTest" name="@BeforeMethod setup" time="-1.660747228348E9">
    <failure type="org.testng.TestNGException" message="
Parameter &amp;apos;browser&amp;apos; is required by BeforeMethod on method setup but has not been marked @Optional or defined
in G:\MyProject\testng_all.xml">
      <![CDATA[org.testng.TestNGException: 
Parameter 'browser' is required by BeforeMethod on method setup but has not been marked @Optional or defined
in G:\MyProject\testng_all.xml
at java.base/java.util.ArrayList.forEach(ArrayList.java:1541)
... Removed 28 stack frames]]>
    </failure>
  </testcase> <!-- @BeforeMethod setup -->
  <testcase classname="com.mystore.testscript.HomePageTest" name="@AfterMethod teardown" time="-1.660747228422E9">
    <skipped/>
  </testcase> <!-- @AfterMethod teardown -->
  <testcase classname="com.mystore.base.BaseClass" name="@BeforeMethod readConfig" time="-1.660747228427E9">
    <skipped/>
  </testcase> <!-- @BeforeMethod readConfig -->
  <testcase classname="com.mystore.testscript.HomePageTest" name="@BeforeMethod setup" time="-1.660747228432E9">
    <skipped/>
  </testcase> <!-- @BeforeMethod setup -->
  <testcase classname="com.mystore.testscript.HomePageTest" name="@AfterMethod teardown" time="-1.660747228451E9">
    <skipped/>
  </testcase> <!-- @AfterMethod teardown -->
  <testcase classname="com.mystore.testscript.OrderPageTest" name="@BeforeMethod setup" time="-1.660747228463E9">
    <failure type="org.testng.TestNGException" message="
Parameter &amp;apos;browser&amp;apos; is required by BeforeMethod on method setup but has not been marked @Optional or defined
in G:\MyProject\testng_all.xml">
      <![CDATA[org.testng.TestNGException: 
Parameter 'browser' is required by BeforeMethod on method setup but has not been marked @Optional or defined
in G:\MyProject\testng_all.xml
at java.base/java.util.ArrayList.forEach(ArrayList.java:1541)
... Removed 28 stack frames]]>
    </failure>
  </testcase> <!-- @BeforeMethod setup -->
  <testcase classname="com.mystore.testscript.OrderPageTest" name="@AfterMethod teardown" time="-1.66074722849E9">
    <skipped/>
  </testcase> <!-- @AfterMethod teardown -->
  <testcase classname="com.mystore.testscript.EndToEndTest" name="@BeforeMethod setup" time="-1.660747228503E9">
    <failure type="org.testng.TestNGException" message="
Parameter &amp;apos;browser&amp;apos; is required by BeforeMethod on method setup but has not been marked @Optional or defined
in G:\MyProject\testng_all.xml">
      <![CDATA[org.testng.TestNGException: 
Parameter 'browser' is required by BeforeMethod on method setup but has not been marked @Optional or defined
in G:\MyProject\testng_all.xml
at java.base/java.util.ArrayList.forEach(ArrayList.java:1541)
... Removed 28 stack frames]]>
    </failure>
  </testcase> <!-- @BeforeMethod setup -->
  <testcase classname="com.mystore.testscript.EndToEndTest" name="@AfterMethod teardown" time="-1.660747228598E9">
    <skipped/>
  </testcase> <!-- @AfterMethod teardown -->
  <testcase classname="com.mystore.testscript.LoginPageTest" name="@BeforeMethod setup" time="-1.660747228606E9">
    <failure type="org.testng.TestNGException" message="
Parameter &amp;apos;browser&amp;apos; is required by BeforeMethod on method setup but has not been marked @Optional or defined
in G:\MyProject\testng_all.xml">
      <![CDATA[org.testng.TestNGException: 
Parameter 'browser' is required by BeforeMethod on method setup but has not been marked @Optional or defined
in G:\MyProject\testng_all.xml
at java.base/java.util.ArrayList.forEach(ArrayList.java:1541)
... Removed 28 stack frames]]>
    </failure>
  </testcase> <!-- @BeforeMethod setup -->
  <testcase classname="com.mystore.testscript.LoginPageTest" name="@AfterMethod teardown" time="-1.660747228647E9">
    <skipped/>
  </testcase> <!-- @AfterMethod teardown -->
  <testcase classname="com.mystore.testscript.AccountCreationPageTest" name="@BeforeMethod setup" time="-1.660747228654E9">
    <failure type="org.testng.TestNGException" message="
Parameter &amp;apos;browser&amp;apos; is required by BeforeMethod on method setup but has not been marked @Optional or defined
in G:\MyProject\testng_all.xml">
      <![CDATA[org.testng.TestNGException: 
Parameter 'browser' is required by BeforeMethod on method setup but has not been marked @Optional or defined
in G:\MyProject\testng_all.xml
at java.base/java.util.ArrayList.forEach(ArrayList.java:1541)
... Removed 28 stack frames]]>
    </failure>
  </testcase> <!-- @BeforeMethod setup -->
  <testcase classname="com.mystore.base.BaseClass" name="@BeforeMethod readConfig" time="-1.660747228666E9">
    <skipped/>
  </testcase> <!-- @BeforeMethod readConfig -->
  <testcase classname="com.mystore.testscript.AccountCreationPageTest" name="@AfterMethod teardown" time="-1.660747228788E9">
    <skipped/>
  </testcase> <!-- @AfterMethod teardown -->
  <testcase classname="com.mystore.testscript.AddToCartPageTest" name="@BeforeMethod setup" time="-1.660747228796E9">
    <failure type="org.testng.TestNGException" message="
Parameter &amp;apos;browser&amp;apos; is required by BeforeMethod on method setup but has not been marked @Optional or defined
in G:\MyProject\testng_all.xml">
      <![CDATA[org.testng.TestNGException: 
Parameter 'browser' is required by BeforeMethod on method setup but has not been marked @Optional or defined
in G:\MyProject\testng_all.xml
at java.base/java.util.ArrayList.forEach(ArrayList.java:1541)
... Removed 28 stack frames]]>
    </failure>
  </testcase> <!-- @BeforeMethod setup -->
  <testcase classname="com.mystore.base.BaseClass" name="@BeforeMethod readConfig" time="-1.660747228808E9">
    <skipped/>
  </testcase> <!-- @BeforeMethod readConfig -->
  <testcase classname="com.mystore.testscript.AddToCartPageTest" name="@AfterMethod teardown" time="-1.660747228984E9">
    <skipped/>
  </testcase> <!-- @AfterMethod teardown -->
  <testcase classname="com.mystore.testscript.IndexPageTest" name="@BeforeMethod setup" time="-1.660747228998E9">
    <failure type="org.testng.TestNGException" message="
Parameter &amp;apos;browser&amp;apos; is required by BeforeMethod on method setup but has not been marked @Optional or defined
in G:\MyProject\testng_all.xml">
      <![CDATA[org.testng.TestNGException: 
Parameter 'browser' is required by BeforeMethod on method setup but has not been marked @Optional or defined
in G:\MyProject\testng_all.xml
at java.base/java.util.ArrayList.forEach(ArrayList.java:1541)
... Removed 28 stack frames]]>
    </failure>
  </testcase> <!-- @BeforeMethod setup -->
  <testcase classname="com.mystore.testscript.IndexPageTest" name="@AfterMethod teardown" time="-1.66074722901E9">
    <skipped/>
  </testcase> <!-- @AfterMethod teardown -->
  <testcase classname="com.mystore.base.BaseClass" name="@BeforeMethod readConfig" time="-1.660747229013E9">
    <skipped/>
  </testcase> <!-- @BeforeMethod readConfig -->
  <testcase classname="com.mystore.testscript.IndexPageTest" name="@BeforeMethod setup" time="-1.660747229017E9">
    <skipped/>
  </testcase> <!-- @BeforeMethod setup -->
  <testcase classname="com.mystore.testscript.IndexPageTest" name="@AfterMethod teardown" time="-1.660747229023E9">
    <skipped/>
  </testcase> <!-- @AfterMethod teardown -->
  <testcase classname="com.mystore.testscript.SearchResultPageTest" name="@BeforeMethod setup" time="-1.660747229028E9">
    <failure type="org.testng.TestNGException" message="
Parameter &amp;apos;browser&amp;apos; is required by BeforeMethod on method setup but has not been marked @Optional or defined
in G:\MyProject\testng_all.xml">
      <![CDATA[org.testng.TestNGException: 
Parameter 'browser' is required by BeforeMethod on method setup but has not been marked @Optional or defined
in G:\MyProject\testng_all.xml
at java.base/java.util.ArrayList.forEach(ArrayList.java:1541)
... Removed 28 stack frames]]>
    </failure>
  </testcase> <!-- @BeforeMethod setup -->
  <testcase classname="com.mystore.testscript.SearchResultPageTest" name="@AfterMethod teardown" time="-1.660747229042E9">
    <skipped/>
  </testcase> <!-- @AfterMethod teardown -->
  <testcase classname="com.mystore.testscript.HomePageTest" name="orderhistorydetail" time="0.0">
    <skipped/>
  </testcase> <!-- orderhistorydetail -->
  <testcase classname="com.mystore.testscript.HomePageTest" name="wishListTest" time="0.0">
    <skipped/>
  </testcase> <!-- wishListTest -->
  <testcase classname="com.mystore.testscript.OrderPageTest" name="verifyTotalPrice" time="0.0">
    <skipped/>
  </testcase> <!-- verifyTotalPrice -->
  <testcase classname="com.mystore.testscript.EndToEndTest" name="endtoendtest" time="0.0">
    <skipped/>
  </testcase> <!-- endtoendtest -->
  <testcase classname="com.mystore.testscript.LoginPageTest" name="loginTest" time="0.0">
    <skipped/>
  </testcase> <!-- loginTest -->
  <testcase classname="com.mystore.testscript.AccountCreationPageTest" name="varifyAccountCreationPage" time="0.0">
    <skipped/>
  </testcase> <!-- varifyAccountCreationPage -->
  <testcase classname="com.mystore.testscript.AddToCartPageTest" name="addToCartPage" time="0.0">
    <skipped/>
  </testcase> <!-- addToCartPage -->
  <testcase classname="com.mystore.testscript.IndexPageTest" name="verifyLogo" time="0.0">
    <skipped/>
  </testcase> <!-- verifyLogo -->
  <testcase classname="com.mystore.testscript.IndexPageTest" name="verifyTitle" time="0.0">
    <skipped/>
  </testcase> <!-- verifyTitle -->
  <testcase classname="com.mystore.testscript.SearchResultPageTest" name="productavialabilityTest" time="0.0">
    <skipped/>
  </testcase> <!-- productavialabilityTest -->
  <testcase classname="com.mystore.base.BaseClass" name="@BeforeSuite Config" time="0.0">
    <ignored/>
  </testcase> <!-- @BeforeSuite Config -->
  <testcase classname="com.mystore.base.BaseClass" name="@BeforeSuite Config" time="0.0">
    <ignored/>
  </testcase> <!-- @BeforeSuite Config -->
  <testcase classname="com.mystore.base.BaseClass" name="@BeforeSuite Config" time="0.0">
    <ignored/>
  </testcase> <!-- @BeforeSuite Config -->
  <testcase classname="com.mystore.base.BaseClass" name="@BeforeSuite Config" time="0.0">
    <ignored/>
  </testcase> <!-- @BeforeSuite Config -->
  <testcase classname="com.mystore.base.BaseClass" name="@BeforeSuite Config" time="0.0">
    <ignored/>
  </testcase> <!-- @BeforeSuite Config -->
  <testcase classname="com.mystore.base.BaseClass" name="@BeforeSuite Config" time="0.0">
    <ignored/>
  </testcase> <!-- @BeforeSuite Config -->
  <testcase classname="com.mystore.base.BaseClass" name="@BeforeSuite Config" time="0.0">
    <ignored/>
  </testcase> <!-- @BeforeSuite Config -->
  <testcase classname="com.mystore.base.BaseClass" name="@AfterSuite afterSuite" time="0.0">
    <ignored/>
  </testcase> <!-- @AfterSuite afterSuite -->
  <testcase classname="com.mystore.base.BaseClass" name="@AfterSuite afterSuite" time="0.0">
    <ignored/>
  </testcase> <!-- @AfterSuite afterSuite -->
  <testcase classname="com.mystore.base.BaseClass" name="@AfterSuite afterSuite" time="0.0">
    <ignored/>
  </testcase> <!-- @AfterSuite afterSuite -->
  <testcase classname="com.mystore.base.BaseClass" name="@AfterSuite afterSuite" time="0.0">
    <ignored/>
  </testcase> <!-- @AfterSuite afterSuite -->
  <testcase classname="com.mystore.base.BaseClass" name="@AfterSuite afterSuite" time="0.0">
    <ignored/>
  </testcase> <!-- @AfterSuite afterSuite -->
  <testcase classname="com.mystore.base.BaseClass" name="@AfterSuite afterSuite" time="0.0">
    <ignored/>
  </testcase> <!-- @AfterSuite afterSuite -->
  <testcase classname="com.mystore.base.BaseClass" name="@AfterSuite afterSuite" time="0.0">
    <ignored/>
  </testcase> <!-- @AfterSuite afterSuite -->
</testsuite> <!-- Test -->
